2018-03-27 17:18:39 #Error: execErr:Incorrect integer value: '' for column 'platform_id' at row 1;execute:insert into fl_platform_column_relation(column_id,platform_id) values('2','')
2018-03-27 17:18:39 #Error: execErr:Incorrect integer value: '' for column 'platform_id' at row 1;execute:insert into fl_platform_column_relation(column_id,platform_id) values('3','')
2018-03-27 17:18:40 #Error: execErr:Incorrect integer value: '' for column 'platform_id' at row 1;execute:insert into fl_platform_column_relation(column_id,platform_id) values('9','')
2018-03-27 17:20:27 #Error: execErr:Incorrect integer value: '' for column 'platform_id' at row 1;execute:insert into fl_platform_column_relation(column_id,platform_id) values('2','')
2018-03-27 17:20:27 #Error: execErr:Incorrect integer value: '' for column 'platform_id' at row 1;execute:insert into fl_platform_column_relation(column_id,platform_id) values('3','')
2018-03-27 17:20:27 #Error: execErr:Incorrect integer value: '' for column 'platform_id' at row 1;execute:insert into fl_platform_column_relation(column_id,platform_id) values('9','')
2018-03-27 17:29:00 #Error: execErr:Unknown column 'platform_id' in 'where clause';execute:select * from fl_platform_column where column_id=2 and platform_id=321
2018-03-27 17:29:28 #Error: execErr:Unknown column 'platform_id' in 'where clause';execute:select * from fl_platform_column where column_id=2 and platform_id=322
2018-03-27 17:29:28 #Error: execErr:Unknown column 'platform_id' in 'where clause';execute:select * from fl_platform_column where column_id=3 and platform_id=322
2018-03-27 17:29:28 #Error: execErr:You have an error in your SQL syntax; check the manual that corresponds to your MySQL server version for the right syntax to use near 'and platform_id=322' at line 1;execute:select * from fl_platform_column where column_id= and platform_id=322
2018-03-27 17:29:28 #Error: execErr:You have an error in your SQL syntax; check the manual that corresponds to your MySQL server version for the right syntax to use near 'and platform_id=322' at line 1;execute:select * from fl_platform_column where column_id= and platform_id=322
2018-03-27 17:29:28 #Error: execErr:Unknown column 'platform_id' in 'where clause';execute:select * from fl_platform_column where column_id=9 and platform_id=322
2018-03-27 17:57:32 #Error: execErr:Unknown column 'platform_id' in 'where clause';execute:select * from fl_platform_column where column_id=2 and platform_id=323
2018-03-27 17:57:32 #Error: execErr:Unknown column 'platform_id' in 'where clause';execute:select * from fl_platform_column where column_id=3 and platform_id=323
2018-03-27 17:57:32 #Error: execErr:You have an error in your SQL syntax; check the manual that corresponds to your MySQL server version for the right syntax to use near 'and platform_id=323' at line 1;execute:select * from fl_platform_column where column_id= and platform_id=323
2018-03-27 17:57:32 #Error: execErr:You have an error in your SQL syntax; check the manual that corresponds to your MySQL server version for the right syntax to use near 'and platform_id=323' at line 1;execute:select * from fl_platform_column where column_id= and platform_id=323
2018-03-27 17:57:32 #Error: execErr:Unknown column 'platform_id' in 'where clause';execute:select * from fl_platform_column where column_id=9 and platform_id=323
2018-03-27 17:57:32 #Error: execErr:You have an error in your SQL syntax; check the manual that corresponds to your MySQL server version for the right syntax to use near 'and platform_id=323' at line 1;execute:select * from fl_platform_column where column_id= and platform_id=323
2018-03-27 17:57:33 #Error: execErr:Unknown column 'platform_id' in 'where clause';execute:select * from fl_platform_column where column_id=23 and platform_id=323
2018-03-27 17:57:33 #Error: execErr:Unknown column 'platform_id' in 'where clause';execute:select * from fl_platform_column where column_id=24 and platform_id=323
2018-03-27 17:57:33 #Error: execErr:Unknown column 'platform_id' in 'where clause';execute:select * from fl_platform_column where column_id=25 and platform_id=323
2018-03-27 17:57:33 #Error: execErr:Unknown column 'platform_id' in 'where clause';execute:select * from fl_platform_column where column_id=27 and platform_id=323
2018-03-27 18:31:33 #Error: execErr:Field 'houtai' doesn't have a default value;execute:insert into fl_platform(platform_icon,platform_name_en,platform_recom_reason,platform_name,platform_intro,time_online,time_downline,platform_score,company_name,company_address,company_num,company_type,company_time,company_capital,company_shijiao,compay_authority,org_num,compay_tax,record_domain,record_campany,record_campany_xz,record_time,record_icp,record_icp_pass,cost_admin,cost_transf,cost_cz,cost_trade,cost_vip,storage_index,first_letter,province,operation_state_temporary,company_size,company_rights,company_legal,company_phone,company_credit_code,company_business_time,company_check_time,company_industry,company_business_field) values('platform_icon/201001/62f529a85a85f0a65c8d36516cf1204d.png','','','凤凰金融','                                                                    
                                                                                
                                            •凤凰金融简介：
                                        
                                                                                
                                            凤凰金融是凤凰卫视集团为全球华人打造的智能投资理财平台。凤凰金融联合卓越的各类金融机构，深度挖掘优质金融产品，为用户提供优质、多元的投资理财产品和定制化的专业智能服务，打造更契合用户自身需求的财富管理方案。我们将人文情怀融入金融服务之中，为用户创造更多价值，为社会营造诚信健康的金融环境，有效推动普惠金融发展。                                                       
                                        
                                    
                                                             ','1522146693','1917014400','A+','北京凤凰理理它信息技术有限公司','北京市朝阳区酒仙桥路10号星科大厦A座6层6002','110105017780223','有限责任公司(自然人投资或控股)','1408636800','1065.245588万人民币','','北京市工商行政管理局朝阳分局','306763860','','fengjr.com','北京凤凰理理它信息技术有限公司','企业                                                                                                                            ','2147443200','京ICP备14047615号-1','--','','','','','','1','','','开业','450人','支持','张震','186****6336','91110105306763860W','2014-08-22 至 2034-08-21','1473782400','--','技术推广服务；投资咨询；计算机系统服务；基础软件服务；应用软件服务（不含医用软件）；会议及展览服务。（企业依法自主选择经营项目，开展经营活动；依法须经批准的项目，经相关部门批准后依批准的内容开展经营活动；不得从事本市产业政策禁止和限制类项目的经营活动。）')
2018-03-27 18:31:33 #Error: execErr:Unknown column 'platform_id' in 'where clause';execute:select * from fl_platform_column where column_id=2 and platform_id=0
2018-03-27 18:31:33 #Error: execErr:Unknown column 'platform_id' in 'where clause';execute:select * from fl_platform_column where column_id=3 and platform_id=0
2018-03-27 18:31:33 #Error: execErr:You have an error in your SQL syntax; check the manual that corresponds to your MySQL server version for the right syntax to use near 'and platform_id=0' at line 1;execute:select * from fl_platform_column where column_id= and platform_id=0
2018-03-27 18:31:33 #Error: execErr:You have an error in your SQL syntax; check the manual that corresponds to your MySQL server version for the right syntax to use near 'and platform_id=0' at line 1;execute:select * from fl_platform_column where column_id= and platform_id=0
2018-03-27 18:31:33 #Error: execErr:Unknown column 'platform_id' in 'where clause';execute:select * from fl_platform_column where column_id=9 and platform_id=0
2018-03-27 18:31:33 #Error: execErr:You have an error in your SQL syntax; check the manual that corresponds to your MySQL server version for the right syntax to use near 'and platform_id=0' at line 1;execute:select * from fl_platform_column where column_id= and platform_id=0
2018-03-27 18:31:33 #Error: execErr:Unknown column 'platform_id' in 'where clause';execute:select * from fl_platform_column where column_id=23 and platform_id=0
2018-03-27 18:31:33 #Error: execErr:Unknown column 'platform_id' in 'where clause';execute:select * from fl_platform_column where column_id=24 and platform_id=0
2018-03-27 18:31:33 #Error: execErr:Unknown column 'platform_id' in 'where clause';execute:select * from fl_platform_column where column_id=25 and platform_id=0
2018-03-27 18:31:33 #Error: execErr:Unknown column 'platform_id' in 'where clause';execute:select * from fl_platform_column where column_id=27 and platform_id=0
2018-03-27 18:34:51 #Error: execErr:Unknown column 'platform_id' in 'where clause';execute:select * from fl_platform_column where column_id=2 and platform_id=324
2018-03-27 18:34:51 #Error: execErr:Unknown column 'platform_id' in 'where clause';execute:select * from fl_platform_column where column_id=3 and platform_id=324
2018-03-27 18:34:51 #Error: execErr:You have an error in your SQL syntax; check the manual that corresponds to your MySQL server version for the right syntax to use near 'and platform_id=324' at line 1;execute:select * from fl_platform_column where column_id= and platform_id=324
2018-03-27 18:34:51 #Error: execErr:You have an error in your SQL syntax; check the manual that corresponds to your MySQL server version for the right syntax to use near 'and platform_id=324' at line 1;execute:select * from fl_platform_column where column_id= and platform_id=324
2018-03-27 18:34:51 #Error: execErr:Unknown column 'platform_id' in 'where clause';execute:select * from fl_platform_column where column_id=9 and platform_id=324
2018-03-27 18:34:51 #Error: execErr:You have an error in your SQL syntax; check the manual that corresponds to your MySQL server version for the right syntax to use near 'and platform_id=324' at line 1;execute:select * from fl_platform_column where column_id= and platform_id=324
2018-03-27 18:34:51 #Error: execErr:Unknown column 'platform_id' in 'where clause';execute:select * from fl_platform_column where column_id=23 and platform_id=324
2018-03-27 18:34:51 #Error: execErr:Unknown column 'platform_id' in 'where clause';execute:select * from fl_platform_column where column_id=24 and platform_id=324
2018-03-27 18:34:51 #Error: execErr:Unknown column 'platform_id' in 'where clause';execute:select * from fl_platform_column where column_id=25 and platform_id=324
2018-03-27 18:34:51 #Error: execErr:Unknown column 'platform_id' in 'where clause';execute:select * from fl_platform_column where column_id=27 and platform_id=324
